Построение начато 09.05.2015 21:33:14.
     1>Проект "C:\Users\Шилкин\Documents\Visual Studio 2012\Projects\RProp\RProp\RProp.vcxproj" в узле 2 (целевые объекты Build).
     1>ClCompile:
         C:\Program Files (x86)\Microsoft Visual Studio 11.0\VC\bin\CL.exe /c /ZI /nologo /W3 /WX- /Od /Oy- /D WIN32 /D _DEBUG /D _CONSOLE /D _UNICODE /D UNICODE /Gm /EHsc /RTC1 /MDd /GS /fp:precise /Zc:wchar_t /Zc:forScope /Fo"Debug\\" /Fd"Debug\vc110.pdb" /Gd /TP /analyze- /errorReport:prompt Armicho.cpp "Fletcher-Rivs.cpp" Help.cpp NewtonMethod.cpp RProp.cpp main.cpp
         main.cpp
         NewtonMethod.cpp
         Help.cpp
         Создание кода...
         Компиляция...
         Fletcher-Rivs.cpp
         Создание кода...
         Пропуск... (изменения не обнаружены)
         RProp.cpp
         Armicho.cpp
       Link:
         C:\Program Files (x86)\Microsoft Visual Studio 11.0\VC\bin\link.exe /ERRORREPORT:PROMPT /OUT:"C:\Users\Шилкин\Documents\Visual Studio 2012\Projects\RProp\Debug\RProp.exe" /INCREMENTAL /NOLOGO kernel32.lib user32.lib gdi32.lib winspool.lib comdlg32.lib advapi32.lib shell32.lib ole32.lib oleaut32.lib uuid.lib odbc32.lib odbccp32.lib /MANIFEST /MANIFESTUAC:"level='asInvoker' uiAccess='false'" /manifest:embed /DEBUG /PDB:"C:\Users\Шилкин\Documents\Visual Studio 2012\Projects\RProp\Debug\RProp.pdb" /SUBSYSTEM:CONSOLE /TLBID:1 /DYNAMICBASE /NXCOMPAT /IMPLIB:"C:\Users\Шилкин\Documents\Visual Studio 2012\Projects\RProp\Debug\RProp.lib" /MACHINE:X86 Debug\Armicho.obj
         "Debug\Fletcher-Rivs.obj"
         Debug\Help.obj
         Debug\NewtonMethod.obj
         Debug\RProp.obj
         Debug\main.obj
         RProp.vcxproj -> C:\Users\Шилкин\Documents\Visual Studio 2012\Projects\RProp\Debug\RProp.exe
     1>Построение проекта "C:\Users\Шилкин\Documents\Visual Studio 2012\Projects\RProp\RProp\RProp.vcxproj" завершено (целевые объекты Build).

Построение успешно завершено.

Затраченное время: 00:00:06.80
